<?xml version="1.0" encoding="UTF-8"?>
<testsuite xmlns:xsi="http://www.w3.org/2001/XMLSchema-instance" xsi:noNamespaceSchemaLocation="https://maven.apache.org/surefire/maven-surefire-plugin/xsd/surefire-test-report.xsd" version="3.0.2" name="com.automation.identity.tests.runners.CucumberTestRunner" time="0.761" tests="20" errors="0" skipped="0" failures="0">
  <properties>
[...]
</properties>
  <testcase name="Create a valid identity #1" classname="IdentityManager Create Identity" time="0.154">
    <system-out><![CDATA[
@CreateValidIdentity
Scenario: Create a valid identity                                                                                     # src/test/resources/features/IdentityManager.feature:12
Test setup completed.
  When I create an identity with "John" as the first name, "Doe" as the last name, and "01/01/1998" as the birth date # com.automation.identity.tests.stepdefinitions.IdentityManagerStepDefinitions.createIdentity(java.lang.String,java.lang.String,java.lang.String)
  Then I should receive a valid UserId, not equal to -1                                                               # com.automation.identity.tests.stepdefinitions.IdentityManagerStepDefinitions.verifyValidUserId()
Test data cleaned up.
]]></system-out>
  </testcase>
  <testcase name="Create a valid identity #2" classname="IdentityManager Create Identity" time="0.014">
    <system-out><![CDATA[
@CreateValidIdentity
Scenario: Create a valid identity                                                                                       # src/test/resources/features/IdentityManager.feature:13
Test setup completed.
  When I create an identity with "Liam" as the first name, "Payne" as the last name, and "01/04/1998" as the birth date # com.automation.identity.tests.stepdefinitions.IdentityManagerStepDefinitions.createIdentity(java.lang.String,java.lang.String,java.lang.String)
  Then I should receive a valid UserId, not equal to -1                                                                 # com.automation.identity.tests.stepdefinitions.IdentityManagerStepDefinitions.verifyValidUserId()
Test data cleaned up.
]]></system-out>
  </testcase>
  <testcase name="Create a valid identity #3" classname="IdentityManager Create Identity" time="0.008">
    <system-out><![CDATA[
@CreateValidIdentity
Scenario: Create a valid identity                                                                                        # src/test/resources/features/IdentityManager.feature:14
Test setup completed.
  When I create an identity with "John123" as the first name, "Doe" as the last name, and "05/01/1998" as the birth date # com.automation.identity.tests.stepdefinitions.IdentityManagerStepDefinitions.createIdentity(java.lang.String,java.lang.String,java.lang.String)
  Then I should receive a valid UserId, not equal to -1                                                                  # com.automation.identity.tests.stepdefinitions.IdentityManagerStepDefinitions.verifyValidUserId()
Test data cleaned up.
]]></system-out>
  </testcase>
  <testcase name="Create a valid identity #4" classname="IdentityManager Create Identity" time="0.013">
    <system-out><![CDATA[
@CreateValidIdentity
Scenario: Create a valid identity                                                                                      # src/test/resources/features/IdentityManager.feature:15
Test setup completed.
  When I create an identity with "John" as the first name, "Doe!" as the last name, and "05/05/1998" as the birth date # com.automation.identity.tests.stepdefinitions.IdentityManagerStepDefinitions.createIdentity(java.lang.String,java.lang.String,java.lang.String)
  Then I should receive a valid UserId, not equal to -1                                                                # com.automation.identity.tests.stepdefinitions.IdentityManagerStepDefinitions.verifyValidUserId()
Test data cleaned up.
]]></system-out>
  </testcase>
  <testcase name="Create an invalid Identity using invalid first name" classname="IdentityManager Create Identity" time="0.011">
    <system-out><![CDATA[
@CreateInvalidIdentity
Scenario: Create an invalid Identity using invalid first name                                                             # src/test/resources/features/IdentityManager.feature:18
Test setup completed.
  When I create an identity with "Jason " as the first name, "Smith" as the last name, and "03/04/1997" as the birth date # com.automation.identity.tests.stepdefinitions.IdentityManagerStepDefinitions.createIdentity(java.lang.String,java.lang.String,java.lang.String)
  Then I should receive -1 for UserId                                                                                     # com.automation.identity.tests.stepdefinitions.IdentityManagerStepDefinitions.verifyInvalidUserId(java.lang.Integer)
Test data cleaned up.
]]></system-out>
  </testcase>
  <testcase name="Create an invalid Identity using invalid last name" classname="IdentityManager Create Identity" time="0.008">
    <system-out><![CDATA[
@CreateInvalidIdentity
Scenario: Create an invalid Identity using invalid last name                                                             # src/test/resources/features/IdentityManager.feature:23
Test setup completed.
  When I create an identity with "Liam" as the first name, "Pay ne" as the last name, and "01/01/1999" as the birth date # com.automation.identity.tests.stepdefinitions.IdentityManagerStepDefinitions.createIdentity(java.lang.String,java.lang.String,java.lang.String)
  Then I should receive -1 for UserId                                                                                    # com.automation.identity.tests.stepdefinitions.IdentityManagerStepDefinitions.verifyInvalidUserId(java.lang.Integer)
Test data cleaned up.
]]></system-out>
  </testcase>
  <testcase name="Create an invalid Identity using invalid BirthDate format" classname="IdentityManager Create Identity" time="0.005">
    <system-out><![CDATA[
@CreateInvalidIdentity
Scenario: Create an invalid Identity using invalid BirthDate format                                                     # src/test/resources/features/IdentityManager.feature:28
Test setup completed.
  When I create an identity with "Brian" as the first name, "Wess" as the last name, and "1999/09/09" as the birth date # com.automation.identity.tests.stepdefinitions.IdentityManagerStepDefinitions.createIdentity(java.lang.String,java.lang.String,java.lang.String)
  Then I should receive -1 for UserId                                                                                   # com.automation.identity.tests.stepdefinitions.IdentityManagerStepDefinitions.verifyInvalidUserId(java.lang.Integer)
Test data cleaned up.
]]></system-out>
  </testcase>
  <testcase name="Create an identity with a future birth date" classname="IdentityManager Create Identity" time="0.011">
    <system-out><![CDATA[
@CreateInvalidIdentity
Scenario: Create an identity with a future birth date                                                                      # src/test/resources/features/IdentityManager.feature:33
Test setup completed.
  When I create an identity with "Adam" as the first name, "Thompson" as the last name, and "01/01/2050" as the birth date # com.automation.identity.tests.stepdefinitions.IdentityManagerStepDefinitions.createIdentity(java.lang.String,java.lang.String,java.lang.String)
  Then I should receive -1 for UserId                                                                                      # com.automation.identity.tests.stepdefinitions.IdentityManagerStepDefinitions.verifyInvalidUserId(java.lang.Integer)
Test data cleaned up.
]]></system-out>
  </testcase>
  <testcase name="Create multiple valid identities" classname="IdentityManager Create Identity" time="0.019">
    <system-out><![CDATA[
@CreateMultipleIdentities
Scenario: Create multiple valid identities       # src/test/resources/features/IdentityManager.feature:38
Test setup completed.
  When I create the following identities:        # com.automation.identity.tests.stepdefinitions.IdentityManagerStepDefinitions.createTheFollowingIdentities(io.cucumber.datatable.DataTable)
    | FirstName | LastName | BirthDate  |
    | John      | Doe      | 01/01/1998 |
    | Jane      | Smith    | 02/02/1999 |
    | Bob       | Johnson  | 03/03/2000 |
    | Alice     | Brown    | 04/04/2001 |
  Then the system should contain 4 identities    # com.automation.identity.tests.stepdefinitions.IdentityManagerStepDefinitions.theSystemShouldContainIdentities(int)
  And I should be able to retrieve each identity # com.automation.identity.tests.stepdefinitions.IdentityManagerStepDefinitions.shouldBeAbleToRetrieveEachIdentity()
Test data cleaned up.
]]></system-out>
  </testcase>
  <testcase name="Create multiple valid identities but with identical data, we should have 1 user created." classname="IdentityManager Create Identity" time="0.006">
    <system-out><![CDATA[
@CreateMultipleIdentities
Scenario: Create multiple valid identities but with identical data, we should have 1 user created. # src/test/resources/features/IdentityManager.feature:49
Test setup completed.
  When I create the following identities:                                                          # com.automation.identity.tests.stepdefinitions.IdentityManagerStepDefinitions.createTheFollowingIdentities(io.cucumber.datatable.DataTable)
    | FirstName | LastName | BirthDate  |
    | John      | Doe      | 01/01/1998 |
    | John      | Doe      | 01/01/1998 |
    | John      | Doe      | 01/01/1998 |
    | John      | Doe      | 01/01/1998 |
  Then the system should contain 1 identities                                                      # com.automation.identity.tests.stepdefinitions.IdentityManagerStepDefinitions.theSystemShouldContainIdentities(int)
  And I should be able to retrieve each identity                                                   # com.automation.identity.tests.stepdefinitions.IdentityManagerStepDefinitions.shouldBeAbleToRetrieveEachIdentity()
Test data cleaned up.
]]></system-out>
  </testcase>
  <testcase name="Create multiple identities with mixed validity" classname="IdentityManager Create Identity" time="0.008">
    <system-out><![CDATA[
@CreateMultipleIdentitiesWithMixedValidity
Scenario: Create multiple identities with mixed validity # src/test/resources/features/IdentityManager.feature:60
Test setup completed.
  When I create the following identities:                # com.automation.identity.tests.stepdefinitions.IdentityManagerStepDefinitions.createTheFollowingIdentities(io.cucumber.datatable.DataTable)
    | FirstName | LastName | BirthDate  | ExpectedResult |
    | John      | Doe      | 01/01/1998 | valid          |
    | Jane      | Smith    | 02/02/1999 | valid          |
    | Bo b      | Johnson  | 03/03/2000 | invalid        |
  Then the system should contain 2 identities            # com.automation.identity.tests.stepdefinitions.IdentityManagerStepDefinitions.theSystemShouldContainIdentities(int)
  And I should be able to retrieve each identity         # com.automation.identity.tests.stepdefinitions.IdentityManagerStepDefinitions.shouldBeAbleToRetrieveEachIdentity()
Test data cleaned up.
]]></system-out>
  </testcase>
  <testcase name="Remove identity by user id" classname="IdentityManager Create Identity" time="0.008">
    <system-out><![CDATA[
@RemoveIdentity
Scenario: Remove identity by user id                                                                                        # src/test/resources/features/IdentityManager.feature:70
Test setup completed.
  Given I create an identity with "Jared" as the first name, "Jackson" as the last name, and "03/04/1997" as the birth date # com.automation.identity.tests.stepdefinitions.IdentityManagerStepDefinitions.createIdentity(java.lang.String,java.lang.String,java.lang.String)
  When I remove the identity                                                                                                # com.automation.identity.tests.stepdefinitions.IdentityManagerStepDefinitions.removeIdentity()
  Then Then we should receive a successfull remove message                                                                  # com.automation.identity.tests.stepdefinitions.IdentityManagerStepDefinitions.verifyRemoveIdentity()
  And the system should contain 0 identities                                                                                # com.automation.identity.tests.stepdefinitions.IdentityManagerStepDefinitions.theSystemShouldContainIdentities(int)
Test data cleaned up.
]]></system-out>
  </testcase>
  <testcase name="Create multiple valid identities and attemtp to remove a selection of the users." classname="IdentityManager Create Identity" time="0.01">
    <system-out><![CDATA[
@RemoveMultipleIdentities
Scenario: Create multiple valid identities and attemtp to remove a selection of the users. # src/test/resources/features/IdentityManager.feature:77
Test setup completed.
  Given I create the following identities:                                                 # com.automation.identity.tests.stepdefinitions.IdentityManagerStepDefinitions.createTheFollowingIdentities(io.cucumber.datatable.DataTable)
    | FirstName | LastName | BirthDate  |
    | John      | Doe      | 01/01/1998 |
    | Jane      | Smith    | 02/02/1999 |
    | Bob       | Johnson  | 03/03/2000 |
    | Alice     | Brown    | 04/04/2001 |
  When I remove the following identities:                                                  # com.automation.identity.tests.stepdefinitions.IdentityManagerStepDefinitions.removeIdentities(io.cucumber.datatable.DataTable)
    | FirstName | LastName | BirthDate  |
    | Bob       | Johnson  | 03/03/2000 |
    | Alice     | Brown    | 04/04/2001 |
  Then Then we should receive a successfull remove message                                 # com.automation.identity.tests.stepdefinitions.IdentityManagerStepDefinitions.verifyRemoveIdentity()
  And the system should contain 2 identities                                               # com.automation.identity.tests.stepdefinitions.IdentityManagerStepDefinitions.theSystemShouldContainIdentities(int)
  And I should be able to retrieve each identity                                           # com.automation.identity.tests.stepdefinitions.IdentityManagerStepDefinitions.shouldBeAbleToRetrieveEachIdentity()
Test data cleaned up.
]]></system-out>
  </testcase>
  <testcase name="Remove identity by exact first name match" classname="IdentityManager Create Identity" time="0.022">
    <system-out><![CDATA[
@RemoveIdentityByName
Scenario: Remove identity by exact first name match                 # src/test/resources/features/IdentityManager.feature:93
Test setup completed.
  Given I create the following identities:                          # com.automation.identity.tests.stepdefinitions.IdentityManagerStepDefinitions.createTheFollowingIdentities(io.cucumber.datatable.DataTable)
    | FirstName | LastName | BirthDate  |
    | Alice     | Doe      | 01/01/1998 |
    | Bob       | Smith    | 02/02/1999 |
    | Charlie   | Brown    | 03/03/2000 |
  When I remove all identities by first name "Bob"                  # com.automation.identity.tests.stepdefinitions.IdentityManagerStepDefinitions.removeIdentityByFirstName(java.lang.String)
  Then we should receive a successfull remove message by first name # com.automation.identity.tests.stepdefinitions.IdentityManagerStepDefinitions.verifyRemoveIdentityByFirstName()
  And the system should contain 2 identities                        # com.automation.identity.tests.stepdefinitions.IdentityManagerStepDefinitions.theSystemShouldContainIdentities(int)
Test data cleaned up.
]]></system-out>
  </testcase>
  <testcase name="Remove identities by first name with different cases, should enforce case sensitivy." classname="IdentityManager Create Identity" time="0.009">
    <system-out><![CDATA[
@RemoveIdentityByName
Scenario: Remove identities by first name with different cases, should enforce case sensitivy. # src/test/resources/features/IdentityManager.feature:104
Test setup completed.
  Given I create the following identities:                                                     # com.automation.identity.tests.stepdefinitions.IdentityManagerStepDefinitions.createTheFollowingIdentities(io.cucumber.datatable.DataTable)
    | FirstName | LastName | BirthDate  |
    | John      | Doe      | 01/01/1998 |
    | JOHN      | Doe      | 01/01/1998 |
    | john      | Smith    | 02/02/2000 |
  When I remove all identities by first name "john"                                            # com.automation.identity.tests.stepdefinitions.IdentityManagerStepDefinitions.removeIdentityByFirstName(java.lang.String)
  Then we should receive a successfull remove message by first name                            # com.automation.identity.tests.stepdefinitions.IdentityManagerStepDefinitions.verifyRemoveIdentityByFirstName()
  And the system should contain 2 identities                                                   # com.automation.identity.tests.stepdefinitions.IdentityManagerStepDefinitions.theSystemShouldContainIdentities(int)
Test data cleaned up.
]]></system-out>
  </testcase>
  <testcase name="Remove an identity that does not exist" classname="IdentityManager Create Identity" time="0.013">
    <system-out><![CDATA[
@RemoveNonExistingIdentity
Scenario: Remove an identity that does not exist                                                      # src/test/resources/features/IdentityManager.feature:115
Test setup completed.
  When I remove the identity with user id 999999999                                                   # com.automation.identity.tests.stepdefinitions.IdentityManagerStepDefinitions.removeNonexistentIdentity(java.lang.Long)
  Then I should receive an error or "Could not remove Identity. The identity does not exist." message # com.automation.identity.tests.stepdefinitions.IdentityManagerStepDefinitions.verifyInvalidRemoveIdentity(java.lang.String)
  And the system should contain 0 identities                                                          # com.automation.identity.tests.stepdefinitions.IdentityManagerStepDefinitions.theSystemShouldContainIdentities(int)
Test data cleaned up.
]]></system-out>
  </testcase>
  <testcase name="Remove all identities" classname="IdentityManager Create Identity" time="0.01">
    <system-out><![CDATA[
@RemoveAllIdentities
Scenario: Remove all identities                                                              # src/test/resources/features/IdentityManager.feature:121
Test setup completed.
  Given I create the following identities:                                                   # com.automation.identity.tests.stepdefinitions.IdentityManagerStepDefinitions.createTheFollowingIdentities(io.cucumber.datatable.DataTable)
    | FirstName | LastName | BirthDate  |
    | John      | Doe      | 01/01/1998 |
    | Jane      | Smith    | 02/02/1999 |
    | Bob       | Johnson  | 03/03/2000 |
  When I remove all identities                                                               # com.automation.identity.tests.stepdefinitions.IdentityManagerStepDefinitions.removeAllIdentities()
  Then the system should contain 0 identities                                                # com.automation.identity.tests.stepdefinitions.IdentityManagerStepDefinitions.theSystemShouldContainIdentities(int)
  And we should receive a successfull remove message: "All Identities successfully removed." # com.automation.identity.tests.stepdefinitions.IdentityManagerStepDefinitions.verifyRemoveAllIdentity(java.lang.String)
Test data cleaned up.
]]></system-out>
  </testcase>
  <testcase name="Successfully update an existing identity" classname="IdentityManager Create Identity" time="0.007">
    <system-out><![CDATA[
@UpdateIdentity
Scenario: Successfully update an existing identity                                                                     # src/test/resources/features/IdentityManager.feature:132
Test setup completed.
  Given I create an identity with "John" as the first name, "Doe" as the last name, and "01/01/1998" as the birth date # com.automation.identity.tests.stepdefinitions.IdentityManagerStepDefinitions.createIdentity(java.lang.String,java.lang.String,java.lang.String)
  When I update the identity with new values:                                                                          # com.automation.identity.tests.stepdefinitions.IdentityManagerStepDefinitions.updateIdentity(io.cucumber.datatable.DataTable)
    | FirstName | LastName | BirthDate  |
    | Jane      | Smith    | 02/02/1999 |
  Then the identity should be updated successfully                                                                     # com.automation.identity.tests.stepdefinitions.IdentityManagerStepDefinitions.verifyUpdateIdentity()
Test data cleaned up.
]]></system-out>
  </testcase>
  <testcase name="Attempt updating a non existing identity" classname="IdentityManager Create Identity" time="0.005">
    <system-out><![CDATA[
@UpdateIdentity
Scenario: Attempt updating a non existing identity                                                                     # src/test/resources/features/IdentityManager.feature:140
Test setup completed.
  Given I create an identity with "John" as the first name, "Doe" as the last name, and "01/01/1998" as the birth date # com.automation.identity.tests.stepdefinitions.IdentityManagerStepDefinitions.createIdentity(java.lang.String,java.lang.String,java.lang.String)
  And I store a different userId than the one created                                                                  # com.automation.identity.tests.stepdefinitions.IdentityManagerStepDefinitions.storeDifferentUserId()
  When I update the identity with new values:                                                                          # com.automation.identity.tests.stepdefinitions.IdentityManagerStepDefinitions.updateIdentity(io.cucumber.datatable.DataTable)
    | FirstName | LastName | BirthDate  |
    | Jane      | Smith    | 02/02/1999 |
  Then the update should fail                                                                                          # com.automation.identity.tests.stepdefinitions.IdentityManagerStepDefinitions.verifyInvalidUpdateIdentity()
Test data cleaned up.
]]></system-out>
  </testcase>
  <testcase name="Update identity with null values should fail" classname="IdentityManager Create Identity" time="0.005">
    <system-out><![CDATA[
@UpdateIdentity
Scenario: Update identity with null values should fail                                                                 # src/test/resources/features/IdentityManager.feature:149
Test setup completed.
  Given I create an identity with "John" as the first name, "Doe" as the last name, and "01/01/1998" as the birth date # com.automation.identity.tests.stepdefinitions.IdentityManagerStepDefinitions.createIdentity(java.lang.String,java.lang.String,java.lang.String)
  When I update the identity with new values:                                                                          # com.automation.identity.tests.stepdefinitions.IdentityManagerStepDefinitions.updateIdentity(io.cucumber.datatable.DataTable)
    | FirstName | LastName | BirthDate  |
    | null      | null     | 02/02/1999 |
  Then the update should fail                                                                                          # com.automation.identity.tests.stepdefinitions.IdentityManagerStepDefinitions.verifyInvalidUpdateIdentity()
Test data cleaned up.
]]></system-out>
  </testcase>
</testsuite>